{"D:\\www\\todos\\todos\\server\\controller.js": {"path":"D:\\www\\todos\\todos\\server\\controller.js","statementMap":{"0":{"start":{"line":1,"column":11},"end":{"line":1,"column":24}},"1":{"start":{"line":2,"column":15},"end":{"line":2,"column":33}},"2":{"start":{"line":4,"column":19},"end":{"line":20,"column":1}},"3":{"start":{"line":6,"column":4},"end":{"line":10,"column":6}},"4":{"start":{"line":7,"column":6},"end":{"line":7,"column":24}},"5":{"start":{"line":7,"column":15},"end":{"line":7,"column":24}},"6":{"start":{"line":9,"column":6},"end":{"line":9,"column":20}},"7":{"start":{"line":14,"column":4},"end":{"line":18,"column":6}},"8":{"start":{"line":15,"column":6},"end":{"line":15,"column":24}},"9":{"start":{"line":15,"column":15},"end":{"line":15,"column":24}},"10":{"start":{"line":16,"column":6},"end":{"line":16,"column":41}},"11":{"start":{"line":17,"column":6},"end":{"line":17,"column":25}},"12":{"start":{"line":22,"column":0},"end":{"line":22,"column":27}}},"fnMap":{"0":{"name":"(anonymous_0)","decl":{"start":{"line":5,"column":2},"end":{"line":5,"column":3}},"loc":{"start":{"line":5,"column":22},"end":{"line":11,"column":3}},"line":5},"1":{"name":"(anonymous_1)","decl":{"start":{"line":6,"column":24},"end":{"line":6,"column":25}},"loc":{"start":{"line":6,"column":39},"end":{"line":10,"column":5}},"line":6},"2":{"name":"(anonymous_2)","decl":{"start":{"line":13,"column":2},"end":{"line":13,"column":3}},"loc":{"start":{"line":13,"column":22},"end":{"line":19,"column":3}},"line":13},"3":{"name":"(anonymous_3)","decl":{"start":{"line":14,"column":35},"end":{"line":14,"column":36}},"loc":{"start":{"line":14,"column":44},"end":{"line":18,"column":5}},"line":14}},"branchMap":{"0":{"loc":{"start":{"line":7,"column":6},"end":{"line":7,"column":24}},"type":"if","locations":[{"start":{"line":7,"column":6},"end":{"line":7,"column":24}},{"start":{"line":7,"column":6},"end":{"line":7,"column":24}}],"line":7},"1":{"loc":{"start":{"line":15,"column":6},"end":{"line":15,"column":24}},"type":"if","locations":[{"start":{"line":15,"column":6},"end":{"line":15,"column":24}},{"start":{"line":15,"column":6},"end":{"line":15,"column":24}}],"line":15}},"s":{"0":2,"1":2,"2":2,"3":2,"4":2,"5":1,"6":1,"7":2,"8":2,"9":1,"10":1,"11":1,"12":2},"f":{"0":2,"1":2,"2":2,"3":2},"b":{"0":[1,1],"1":[1,1]},"_coverageSchema":"43e27e138ebf9cfc5966b082cf9a028302ed4184","hash":"397f69bef5dd9966f93b6adb3208ce2b95ed991a"}
,"D:\\www\\todos\\todos\\server\\server.js": {"path":"D:\\www\\todos\\todos\\server\\server.js","statementMap":{"0":{"start":{"line":3,"column":16},"end":{"line":3,"column":34}},"1":{"start":{"line":4,"column":19},"end":{"line":4,"column":42}},"2":{"start":{"line":5,"column":18},"end":{"line":5,"column":40}},"3":{"start":{"line":7,"column":12},"end":{"line":7,"column":21}},"4":{"start":{"line":10,"column":0},"end":{"line":10,"column":29}},"5":{"start":{"line":12,"column":0},"end":{"line":12,"column":23}},"6":{"start":{"line":15,"column":0},"end":{"line":15,"column":33}},"7":{"start":{"line":18,"column":0},"end":{"line":18,"column":33}},"8":{"start":{"line":20,"column":0},"end":{"line":22,"column":2}},"9":{"start":{"line":21,"column":2},"end":{"line":21,"column":80}}},"fnMap":{"0":{"name":"(anonymous_0)","decl":{"start":{"line":20,"column":27},"end":{"line":20,"column":28}},"loc":{"start":{"line":20,"column":33},"end":{"line":22,"column":1}},"line":20}},"branchMap":{},"s":{"0":1,"1":1,"2":1,"3":1,"4":1,"5":1,"6":1,"7":1,"8":1,"9":1},"f":{"0":1},"b":{},"_coverageSchema":"43e27e138ebf9cfc5966b082cf9a028302ed4184","hash":"4874341ef11101b8f83701b787eae3f20d7ff4d3"}
,"D:\\www\\todos\\todos\\src\\App.vue": {"path":"D:\\www\\todos\\todos\\src\\App.vue","statementMap":{"0":{"start":{"line":26,"column":0},"end":{"line":26,"column":null}},"1":{"start":{"line":38,"column":0},"end":{"line":38,"column":null}},"2":{"start":{"line":41,"column":0},"end":{"line":41,"column":null}},"3":{"start":{"line":48,"column":0},"end":{"line":48,"column":null}}},"fnMap":{"0":{"name":"(anonymous_1)","decl":{"start":{"line":37,"column":0},"end":{"line":37,"column":null}},"loc":{"start":{"line":37,"column":0},"end":{"line":39,"column":null}}},"1":{"name":"(anonymous_2)","decl":{"start":{"line":40,"column":0},"end":{"line":40,"column":null}},"loc":{"start":{"line":40,"column":0},"end":{"line":42,"column":null}}},"2":{"name":"(anonymous_3)","decl":{"start":{"line":47,"column":0},"end":{"line":47,"column":null}},"loc":{"start":{"line":47,"column":0},"end":{"line":49,"column":null}}}},"branchMap":{},"s":{"0":1,"1":1,"2":1,"3":1},"f":{"0":1,"1":1,"2":1},"b":{}}
,"D:\\www\\todos\\todos\\src\\components\\Bulb.vue": {"path":"D:\\www\\todos\\todos\\src\\components\\Bulb.vue","statementMap":{"0":{"start":{"line":33,"column":0},"end":{"line":33,"column":null}},"1":{"start":{"line":36,"column":0},"end":{"line":36,"column":null}}},"fnMap":{"0":{"name":"(anonymous_1)","decl":{"start":{"line":32,"column":0},"end":{"line":32,"column":null}},"loc":{"start":{"line":32,"column":0},"end":{"line":34,"column":null}}},"1":{"name":"(anonymous_2)","decl":{"start":{"line":35,"column":0},"end":{"line":35,"column":null}},"loc":{"start":{"line":35,"column":0},"end":{"line":37,"column":null}}}},"branchMap":{},"s":{"0":3,"1":1},"f":{"0":3,"1":1},"b":{}}
,"D:\\www\\todos\\todos\\src\\components\\Todo.vue": {"path":"D:\\www\\todos\\todos\\src\\components\\Todo.vue","statementMap":{"0":{"start":{"line":55,"column":0},"end":{"line":55,"column":null}},"1":{"start":{"line":56,"column":0},"end":{"line":56,"column":null}},"2":{"start":{"line":86,"column":0},"end":{"line":86,"column":null}},"3":{"start":{"line":91,"column":0},"end":{"line":91,"column":null}},"4":{"start":{"line":96,"column":0},"end":{"line":96,"column":null}},"5":{"start":{"line":103,"column":0},"end":{"line":103,"column":null}},"6":{"start":{"line":107,"column":0},"end":{"line":107,"column":null}},"7":{"start":{"line":115,"column":0},"end":{"line":115,"column":null}},"8":{"start":{"line":116,"column":0},"end":{"line":116,"column":null}},"9":{"start":{"line":117,"column":0},"end":{"line":117,"column":null}}},"fnMap":{"0":{"name":"(anonymous_1)","decl":{"start":{"line":85,"column":0},"end":{"line":85,"column":null}},"loc":{"start":{"line":85,"column":0},"end":{"line":87,"column":null}}},"1":{"name":"(anonymous_2)","decl":{"start":{"line":90,"column":0},"end":{"line":90,"column":null}},"loc":{"start":{"line":90,"column":0},"end":{"line":92,"column":null}}},"2":{"name":"(anonymous_3)","decl":{"start":{"line":95,"column":0},"end":{"line":95,"column":null}},"loc":{"start":{"line":95,"column":0},"end":{"line":99,"column":null}}},"3":{"name":"(anonymous_4)","decl":{"start":{"line":102,"column":0},"end":{"line":102,"column":null}},"loc":{"start":{"line":102,"column":0},"end":{"line":104,"column":null}}},"4":{"name":"(anonymous_5)","decl":{"start":{"line":105,"column":0},"end":{"line":105,"column":null}},"loc":{"start":{"line":105,"column":0},"end":{"line":118,"column":null}}}},"branchMap":{"0":{"loc":{"start":{"line":115,"column":0},"end":{"line":115,"column":null}},"type":"cond-expr","locations":[{"start":{"line":115,"column":0},"end":{"line":115,"column":null}},{"start":{"line":115,"column":0},"end":{"line":115,"column":null}}]}},"s":{"0":3,"1":3,"2":1,"3":1,"4":1,"5":1,"6":3,"7":3,"8":3,"9":3},"f":{"0":1,"1":1,"2":1,"3":1,"4":3},"b":{"0":[2,1]}}
,"D:\\www\\todos\\todos\\src\\store\\index.js": {"path":"D:\\www\\todos\\todos\\src\\store\\index.js","statementMap":{"0":{"start":{"line":7,"column":0},"end":{"line":7,"column":13}}},"fnMap":{},"branchMap":{},"s":{"0":1},"f":{},"b":{},"_coverageSchema":"43e27e138ebf9cfc5966b082cf9a028302ed4184","hash":"e6879a75e03d810f3888b23006e7777bccae55a2"}
,"D:\\www\\todos\\todos\\src\\store\\main.js": {"path":"D:\\www\\todos\\todos\\src\\store\\main.js","statementMap":{"0":{"start":{"line":5,"column":13},"end":{"line":5,"column":124}},"1":{"start":{"line":5,"column":27},"end":{"line":5,"column":123}},"2":{"start":{"line":6,"column":24},"end":{"line":6,"column":33}},"3":{"start":{"line":7,"column":18},"end":{"line":7,"column":41}},"4":{"start":{"line":16,"column":6},"end":{"line":22,"column":7}},"5":{"start":{"line":17,"column":8},"end":{"line":17,"column":26}},"6":{"start":{"line":19,"column":8},"end":{"line":21,"column":10}},"7":{"start":{"line":20,"column":10},"end":{"line":20,"column":50}},"8":{"start":{"line":27,"column":6},"end":{"line":27,"column":26}},"9":{"start":{"line":32,"column":22},"end":{"line":37,"column":7}},"10":{"start":{"line":39,"column":6},"end":{"line":39,"column":31}},"11":{"start":{"line":42,"column":25},"end":{"line":42,"column":71}},"12":{"start":{"line":42,"column":55},"end":{"line":42,"column":70}},"13":{"start":{"line":43,"column":6},"end":{"line":45,"column":7}},"14":{"start":{"line":44,"column":8},"end":{"line":44,"column":41}},"15":{"start":{"line":48,"column":25},"end":{"line":48,"column":80}},"16":{"start":{"line":48,"column":55},"end":{"line":48,"column":79}},"17":{"start":{"line":50,"column":6},"end":{"line":52,"column":7}},"18":{"start":{"line":51,"column":8},"end":{"line":51,"column":50}},"19":{"start":{"line":57,"column":21},"end":{"line":57,"column":48}},"20":{"start":{"line":58,"column":6},"end":{"line":58,"column":51}},"21":{"start":{"line":61,"column":6},"end":{"line":61,"column":31}},"22":{"start":{"line":62,"column":6},"end":{"line":64,"column":8}},"23":{"start":{"line":63,"column":8},"end":{"line":63,"column":67}},"24":{"start":{"line":66,"column":6},"end":{"line":66,"column":25}},"25":{"start":{"line":72,"column":6},"end":{"line":72,"column":25}},"26":{"start":{"line":74,"column":6},"end":{"line":85,"column":10}},"27":{"start":{"line":81,"column":10},"end":{"line":81,"column":45}},"28":{"start":{"line":84,"column":10},"end":{"line":84,"column":28}},"29":{"start":{"line":90,"column":20},"end":{"line":90,"column":57}},"30":{"start":{"line":92,"column":6},"end":{"line":92,"column":48}},"31":{"start":{"line":92,"column":17},"end":{"line":92,"column":48}},"32":{"start":{"line":94,"column":6},"end":{"line":108,"column":10}},"33":{"start":{"line":99,"column":26},"end":{"line":99,"column":41}},"34":{"start":{"line":102,"column":10},"end":{"line":102,"column":40}},"35":{"start":{"line":104,"column":10},"end":{"line":104,"column":29}},"36":{"start":{"line":113,"column":6},"end":{"line":113,"column":23}},"37":{"start":{"line":114,"column":6},"end":{"line":114,"column":27}},"38":{"start":{"line":117,"column":6},"end":{"line":117,"column":30}},"39":{"start":{"line":118,"column":6},"end":{"line":118,"column":27}},"40":{"start":{"line":121,"column":6},"end":{"line":121,"column":35}},"41":{"start":{"line":122,"column":6},"end":{"line":122,"column":27}}},"fnMap":{"0":{"name":"b","decl":{"start":{"line":5,"column":22},"end":{"line":5,"column":23}},"loc":{"start":{"line":5,"column":26},"end":{"line":5,"column":124}},"line":5},"1":{"name":"(anonymous_1)","decl":{"start":{"line":15,"column":4},"end":{"line":15,"column":5}},"loc":{"start":{"line":15,"column":18},"end":{"line":23,"column":5}},"line":15},"2":{"name":"(anonymous_2)","decl":{"start":{"line":19,"column":34},"end":{"line":19,"column":35}},"loc":{"start":{"line":19,"column":42},"end":{"line":21,"column":9}},"line":19},"3":{"name":"(anonymous_3)","decl":{"start":{"line":26,"column":4},"end":{"line":26,"column":5}},"loc":{"start":{"line":26,"column":29},"end":{"line":28,"column":5}},"line":26},"4":{"name":"(anonymous_4)","decl":{"start":{"line":31,"column":4},"end":{"line":31,"column":5}},"loc":{"start":{"line":31,"column":20},"end":{"line":40,"column":5}},"line":31},"5":{"name":"(anonymous_5)","decl":{"start":{"line":41,"column":4},"end":{"line":41,"column":5}},"loc":{"start":{"line":41,"column":27},"end":{"line":46,"column":5}},"line":41},"6":{"name":"(anonymous_6)","decl":{"start":{"line":42,"column":47},"end":{"line":42,"column":48}},"loc":{"start":{"line":42,"column":55},"end":{"line":42,"column":70}},"line":42},"7":{"name":"(anonymous_7)","decl":{"start":{"line":47,"column":4},"end":{"line":47,"column":5}},"loc":{"start":{"line":47,"column":32},"end":{"line":53,"column":5}},"line":47},"8":{"name":"(anonymous_8)","decl":{"start":{"line":48,"column":47},"end":{"line":48,"column":48}},"loc":{"start":{"line":48,"column":55},"end":{"line":48,"column":79}},"line":48},"9":{"name":"(anonymous_9)","decl":{"start":{"line":56,"column":4},"end":{"line":56,"column":5}},"loc":{"start":{"line":56,"column":22},"end":{"line":59,"column":5}},"line":56},"10":{"name":"(anonymous_10)","decl":{"start":{"line":60,"column":4},"end":{"line":60,"column":5}},"loc":{"start":{"line":60,"column":34},"end":{"line":67,"column":5}},"line":60},"11":{"name":"(anonymous_11)","decl":{"start":{"line":62,"column":20},"end":{"line":62,"column":21}},"loc":{"start":{"line":62,"column":28},"end":{"line":64,"column":7}},"line":62},"12":{"name":"(anonymous_12)","decl":{"start":{"line":71,"column":4},"end":{"line":71,"column":5}},"loc":{"start":{"line":71,"column":34},"end":{"line":86,"column":5}},"line":71},"13":{"name":"(anonymous_13)","decl":{"start":{"line":80,"column":14},"end":{"line":80,"column":15}},"loc":{"start":{"line":80,"column":20},"end":{"line":82,"column":9}},"line":80},"14":{"name":"(anonymous_14)","decl":{"start":{"line":83,"column":15},"end":{"line":83,"column":16}},"loc":{"start":{"line":83,"column":22},"end":{"line":85,"column":9}},"line":83},"15":{"name":"(anonymous_15)","decl":{"start":{"line":89,"column":4},"end":{"line":89,"column":5}},"loc":{"start":{"line":89,"column":27},"end":{"line":109,"column":5}},"line":89},"16":{"name":"(anonymous_16)","decl":{"start":{"line":99,"column":14},"end":{"line":99,"column":15}},"loc":{"start":{"line":99,"column":26},"end":{"line":99,"column":41}},"line":99},"17":{"name":"(anonymous_17)","decl":{"start":{"line":100,"column":14},"end":{"line":100,"column":15}},"loc":{"start":{"line":100,"column":22},"end":{"line":105,"column":9}},"line":100},"18":{"name":"(anonymous_18)","decl":{"start":{"line":106,"column":15},"end":{"line":106,"column":16}},"loc":{"start":{"line":106,"column":21},"end":{"line":108,"column":9}},"line":106},"19":{"name":"(anonymous_19)","decl":{"start":{"line":112,"column":4},"end":{"line":112,"column":5}},"loc":{"start":{"line":112,"column":35},"end":{"line":115,"column":5}},"line":112},"20":{"name":"(anonymous_20)","decl":{"start":{"line":116,"column":4},"end":{"line":116,"column":5}},"loc":{"start":{"line":116,"column":42},"end":{"line":119,"column":5}},"line":116},"21":{"name":"(anonymous_21)","decl":{"start":{"line":120,"column":4},"end":{"line":120,"column":5}},"loc":{"start":{"line":120,"column":47},"end":{"line":123,"column":5}},"line":120}},"branchMap":{"0":{"loc":{"start":{"line":5,"column":34},"end":{"line":5,"column":123}},"type":"cond-expr","locations":[{"start":{"line":5,"column":36},"end":{"line":5,"column":74}},{"start":{"line":5,"column":75},"end":{"line":5,"column":123}}],"line":5},"1":{"loc":{"start":{"line":16,"column":6},"end":{"line":22,"column":7}},"type":"if","locations":[{"start":{"line":16,"column":6},"end":{"line":22,"column":7}},{"start":{"line":16,"column":6},"end":{"line":22,"column":7}}],"line":16},"2":{"loc":{"start":{"line":43,"column":6},"end":{"line":45,"column":7}},"type":"if","locations":[{"start":{"line":43,"column":6},"end":{"line":45,"column":7}},{"start":{"line":43,"column":6},"end":{"line":45,"column":7}}],"line":43},"3":{"loc":{"start":{"line":50,"column":6},"end":{"line":52,"column":7}},"type":"if","locations":[{"start":{"line":50,"column":6},"end":{"line":52,"column":7}},{"start":{"line":50,"column":6},"end":{"line":52,"column":7}}],"line":50},"4":{"loc":{"start":{"line":63,"column":20},"end":{"line":63,"column":67}},"type":"cond-expr","locations":[{"start":{"line":63,"column":41},"end":{"line":63,"column":45}},{"start":{"line":63,"column":48},"end":{"line":63,"column":67}}],"line":63},"5":{"loc":{"start":{"line":92,"column":6},"end":{"line":92,"column":48}},"type":"if","locations":[{"start":{"line":92,"column":6},"end":{"line":92,"column":48}},{"start":{"line":92,"column":6},"end":{"line":92,"column":48}}],"line":92}},"s":{"0":2,"1":32,"2":2,"3":2,"4":2,"5":1,"6":1,"7":2,"8":1,"9":1,"10":1,"11":2,"12":2,"13":2,"14":1,"15":2,"16":3,"17":2,"18":1,"19":1,"20":1,"21":1,"22":1,"23":2,"24":1,"25":2,"26":2,"27":1,"28":1,"29":2,"30":2,"31":1,"32":2,"33":2,"34":2,"35":2,"36":1,"37":1,"38":1,"39":1,"40":1,"41":1},"f":{"0":32,"1":2,"2":2,"3":1,"4":1,"5":2,"6":2,"7":2,"8":3,"9":1,"10":1,"11":2,"12":2,"13":1,"14":1,"15":2,"16":2,"17":2,"18":0,"19":1,"20":1,"21":1},"b":{"0":[31,1],"1":[1,1],"2":[1,1],"3":[1,1],"4":[1,1],"5":[1,1]},"_coverageSchema":"43e27e138ebf9cfc5966b082cf9a028302ed4184","hash":"fcf390dc30665bc2cbedaaa698a07fd54edb1a6f"}
,"D:\\www\\todos\\todos\\src\\store\\settings.js": {"path":"D:\\www\\todos\\todos\\src\\store\\settings.js","statementMap":{"0":{"start":{"line":10,"column":6},"end":{"line":10,"column":27}},"1":{"start":{"line":15,"column":6},"end":{"line":15,"column":28}},"2":{"start":{"line":16,"column":6},"end":{"line":17,"column":49}},"3":{"start":{"line":16,"column":17},"end":{"line":16,"column":52}},"4":{"start":{"line":17,"column":11},"end":{"line":17,"column":49}}},"fnMap":{"0":{"name":"(anonymous_0)","decl":{"start":{"line":9,"column":4},"end":{"line":9,"column":5}},"loc":{"start":{"line":9,"column":21},"end":{"line":11,"column":5}},"line":9},"1":{"name":"(anonymous_1)","decl":{"start":{"line":14,"column":4},"end":{"line":14,"column":5}},"loc":{"start":{"line":14,"column":31},"end":{"line":18,"column":5}},"line":14}},"branchMap":{"0":{"loc":{"start":{"line":16,"column":6},"end":{"line":17,"column":49}},"type":"if","locations":[{"start":{"line":16,"column":6},"end":{"line":17,"column":49}},{"start":{"line":16,"column":6},"end":{"line":17,"column":49}}],"line":16}},"s":{"0":1,"1":2,"2":2,"3":1,"4":1},"f":{"0":1,"1":2},"b":{"0":[1,1]},"_coverageSchema":"43e27e138ebf9cfc5966b082cf9a028302ed4184","hash":"b919fb1b9936f4800add5a8a28af0fe1f033283d"}
,"D:\\www\\todos\\todos\\src\\views\\Home.vue": {"path":"D:\\www\\todos\\todos\\src\\views\\Home.vue","statementMap":{"0":{"start":{"line":8,"column":0},"end":{"line":8,"column":null}},"1":{"start":{"line":18,"column":0},"end":{"line":18,"column":null}},"2":{"start":{"line":23,"column":0},"end":{"line":23,"column":null}}},"fnMap":{"0":{"name":"(anonymous_1)","decl":{"start":{"line":17,"column":0},"end":{"line":17,"column":null}},"loc":{"start":{"line":17,"column":0},"end":{"line":19,"column":null}}},"1":{"name":"(anonymous_2)","decl":{"start":{"line":22,"column":0},"end":{"line":22,"column":null}},"loc":{"start":{"line":22,"column":0},"end":{"line":24,"column":null}}}},"branchMap":{},"s":{"0":2,"1":1,"2":1},"f":{"0":1,"1":1},"b":{}}
}
