TN:
SF:D:\www\todos\todos\server\controller.js
FN:5,(anonymous_0)
FN:6,(anonymous_1)
FN:13,(anonymous_2)
FN:14,(anonymous_3)
FNF:4
FNH:4
FNDA:2,(anonymous_0)
FNDA:2,(anonymous_1)
FNDA:2,(anonymous_2)
FNDA:2,(anonymous_3)
DA:1,2
DA:2,2
DA:4,2
DA:6,2
DA:7,2
DA:9,1
DA:14,2
DA:15,2
DA:16,1
DA:17,1
DA:22,2
LF:11
LH:11
BRDA:7,0,0,1
BRDA:7,0,1,1
BRDA:15,1,0,1
BRDA:15,1,1,1
BRF:4
BRH:4
end_of_record
TN:
SF:D:\www\todos\todos\server\server.js
FN:20,(anonymous_0)
FNF:1
FNH:1
FNDA:1,(anonymous_0)
DA:3,1
DA:4,1
DA:5,1
DA:7,1
DA:10,1
DA:12,1
DA:15,1
DA:18,1
DA:20,1
DA:21,1
LF:10
LH:10
BRF:0
BRH:0
end_of_record
TN:
SF:D:\www\todos\todos\src\App.vue
FN:37,(anonymous_1)
FN:40,(anonymous_2)
FN:47,(anonymous_3)
FNF:3
FNH:3
FNDA:1,(anonymous_1)
FNDA:1,(anonymous_2)
FNDA:1,(anonymous_3)
DA:26,1
DA:38,1
DA:41,1
DA:48,1
LF:4
LH:4
BRF:0
BRH:0
end_of_record
TN:
SF:D:\www\todos\todos\src\components\Bulb.vue
FN:32,(anonymous_1)
FN:35,(anonymous_2)
FNF:2
FNH:2
FNDA:3,(anonymous_1)
FNDA:1,(anonymous_2)
DA:33,3
DA:36,1
LF:2
LH:2
BRF:0
BRH:0
end_of_record
TN:
SF:D:\www\todos\todos\src\components\Todo.vue
FN:85,(anonymous_1)
FN:90,(anonymous_2)
FN:95,(anonymous_3)
FN:102,(anonymous_4)
FN:105,(anonymous_5)
FNF:5
FNH:5
FNDA:1,(anonymous_1)
FNDA:1,(anonymous_2)
FNDA:1,(anonymous_3)
FNDA:1,(anonymous_4)
FNDA:3,(anonymous_5)
DA:55,3
DA:56,3
DA:86,1
DA:91,1
DA:96,1
DA:103,1
DA:107,3
DA:115,3
DA:116,3
DA:117,3
LF:10
LH:10
BRDA:115,0,0,2
BRDA:115,0,1,1
BRF:2
BRH:2
end_of_record
TN:
SF:D:\www\todos\todos\src\store\index.js
FNF:0
FNH:0
DA:7,1
LF:1
LH:1
BRF:0
BRH:0
end_of_record
TN:
SF:D:\www\todos\todos\src\store\main.js
FN:5,b
FN:15,(anonymous_1)
FN:19,(anonymous_2)
FN:26,(anonymous_3)
FN:31,(anonymous_4)
FN:41,(anonymous_5)
FN:42,(anonymous_6)
FN:47,(anonymous_7)
FN:48,(anonymous_8)
FN:56,(anonymous_9)
FN:60,(anonymous_10)
FN:62,(anonymous_11)
FN:71,(anonymous_12)
FN:80,(anonymous_13)
FN:83,(anonymous_14)
FN:89,(anonymous_15)
FN:99,(anonymous_16)
FN:100,(anonymous_17)
FN:106,(anonymous_18)
FN:112,(anonymous_19)
FN:116,(anonymous_20)
FN:120,(anonymous_21)
FNF:22
FNH:21
FNDA:32,b
FNDA:2,(anonymous_1)
FNDA:2,(anonymous_2)
FNDA:1,(anonymous_3)
FNDA:1,(anonymous_4)
FNDA:2,(anonymous_5)
FNDA:2,(anonymous_6)
FNDA:2,(anonymous_7)
FNDA:3,(anonymous_8)
FNDA:1,(anonymous_9)
FNDA:1,(anonymous_10)
FNDA:2,(anonymous_11)
FNDA:2,(anonymous_12)
FNDA:1,(anonymous_13)
FNDA:1,(anonymous_14)
FNDA:2,(anonymous_15)
FNDA:2,(anonymous_16)
FNDA:2,(anonymous_17)
FNDA:0,(anonymous_18)
FNDA:1,(anonymous_19)
FNDA:1,(anonymous_20)
FNDA:1,(anonymous_21)
DA:5,32
DA:6,2
DA:7,2
DA:16,2
DA:17,1
DA:19,1
DA:20,2
DA:27,1
DA:32,1
DA:39,1
DA:42,2
DA:43,2
DA:44,1
DA:48,3
DA:50,2
DA:51,1
DA:57,1
DA:58,1
DA:61,1
DA:62,1
DA:63,2
DA:66,1
DA:72,2
DA:74,2
DA:81,1
DA:84,1
DA:90,2
DA:92,2
DA:94,2
DA:99,2
DA:102,2
DA:104,2
DA:113,1
DA:114,1
DA:117,1
DA:118,1
DA:121,1
DA:122,1
LF:38
LH:38
BRDA:5,0,0,31
BRDA:5,0,1,1
BRDA:16,1,0,1
BRDA:16,1,1,1
BRDA:43,2,0,1
BRDA:43,2,1,1
BRDA:50,3,0,1
BRDA:50,3,1,1
BRDA:63,4,0,1
BRDA:63,4,1,1
BRDA:92,5,0,1
BRDA:92,5,1,1
BRF:12
BRH:12
end_of_record
TN:
SF:D:\www\todos\todos\src\store\settings.js
FN:9,(anonymous_0)
FN:14,(anonymous_1)
FNF:2
FNH:2
FNDA:1,(anonymous_0)
FNDA:2,(anonymous_1)
DA:10,1
DA:15,2
DA:16,2
DA:17,1
LF:4
LH:4
BRDA:16,0,0,1
BRDA:16,0,1,1
BRF:2
BRH:2
end_of_record
TN:
SF:D:\www\todos\todos\src\views\Home.vue
FN:17,(anonymous_1)
FN:22,(anonymous_2)
FNF:2
FNH:2
FNDA:1,(anonymous_1)
FNDA:1,(anonymous_2)
DA:8,2
DA:18,1
DA:23,1
LF:3
LH:3
BRF:0
BRH:0
end_of_record
